{
"/Users/kainshi/Documents/foowala/jackson/app/router/test.js":{"path":"/Users/kainshi/Documents/foowala/jackson/app/router/test.js","s":{"1":0,"2":0,"3":0,"4":0,"5":0,"6":0,"7":0,"8":0,"9":0,"10":0},"b":{"1":[0,0]},"f":{"1":0},"fnMap":{"1":{"name":"(anonymous_1)","line":5,"loc":{"start":{"line":5,"column":16},"end":{"line":5,"column":41}}}},"statementMap":{"1":{"start":{"line":1,"column":0},"end":{"line":3,"column":35}},"2":{"start":{"line":5,"column":0},"end":{"line":15,"column":3}},"3":{"start":{"line":6,"column":2},"end":{"line":6,"column":34}},"4":{"start":{"line":7,"column":2},"end":{"line":7,"column":36}},"5":{"start":{"line":7,"column":17},"end":{"line":7,"column":36}},"6":{"start":{"line":9,"column":2},"end":{"line":9,"column":35}},"7":{"start":{"line":10,"column":2},"end":{"line":13,"column":4}},"8":{"start":{"line":14,"column":2},"end":{"line":14,"column":27}},"9":{"start":{"line":17,"column":0},"end":{"line":19,"column":2}},"10":{"start":{"line":18,"column":2},"end":{"line":18,"column":23}}},"branchMap":{"1":{"line":7,"type":"if","locations":[{"start":{"line":7,"column":2},"end":{"line":7,"column":2}},{"start":{"line":7,"column":2},"end":{"line":7,"column":2}}]}},"l":{"1":0,"5":0,"6":0,"7":0,"9":0,"10":0,"14":0,"17":0,"18":0}},
"/Users/kainshi/Documents/foowala/jackson/app/services/i18n.service.js":{"path":"/Users/kainshi/Documents/foowala/jackson/app/services/i18n.service.js","s":{"1":0,"2":0,"3":0,"4":0,"5":0,"6":0},"b":{},"f":{},"fnMap":{},"statementMap":{"1":{"start":{"line":7,"column":0},"end":{"line":8,"column":43}},"2":{"start":{"line":10,"column":0},"end":{"line":17,"column":2}},"3":{"start":{"line":19,"column":0},"end":{"line":23,"column":2}},"4":{"start":{"line":20,"column":2},"end":{"line":20,"column":22}},"5":{"start":{"line":21,"column":2},"end":{"line":21,"column":19}},"6":{"start":{"line":22,"column":2},"end":{"line":22,"column":16}}},"branchMap":{},"l":{"7":0,"10":0,"19":0,"20":0,"21":0,"22":0}}}
